success
degree of 6 is 0
failure
failure
failure
success
failure
success
success
degree of 7 is 0
edge count is 3
success
success
failure
success
failure
success
success
degree of 13 is 0
failure
success
failure
failure
failure
failure
edge count is 9
degree of 3 is 0
success
failure
success
success
degree of 3 is 0
failure
success
degree of 4 is 0
degree of 5 is 1
degree of 9 is 3
failure
success
success
success
success
success
success
failure
edge count is 19
success
failure
success
success
success
success
degree of 7 is 3
edge count is 23
success
degree of 6 is 4
success
failure
success
degree of 11 is 2
success
failure
edge count is 27
success
failure
failure
success
edge count is 29
failure
success
success
success
success
success
edge count is 34
degree of 1 is 3
failure
success
edge count is 34
success
success
degree of 8 is 1
failure
success
success
success
success
success
success
edge count is 34
success
failure
failure
edge count is 35
edge count is 35
failure
success
success
degree of 14 is 6
failure
success
edge count is 37
success
failure
success
success
failure
edge count is 40
success
success
failure
success
failure
failure
degree of 21 is 1
success
failure
degree of 4 is 3
success
failure
failure
degree of 2 is 6
success
degree of 20 is 3
edge count is 44
success
degree of 8 is 3
success
success
degree of 14 is 6
success
failure
success
success
success
edge count is 50
success
success
edge count is 52
edge count is 52
success
success
success
success
degree of 5 is 4
success
failure
degree of 14 is 8
success
success
success
edge count is 57
success
success
success
success
success
success
degree of 12 is 2
edge count is 62
success
success
success
success
edge count is 64
success
success
success
success
success
failure
success
degree of 9 is 8
success
failure
success
success
failure
failure
success
failure
success
edge count is 69
success
failure
success
failure
success
success
degree of 8 is 5
edge count is 73
success
edge count is 73
success
failure
degree of 24 is 6
success
success
failure
failure
success
failure
success
success
degree of 7 is 8
degree of 3 is 6
degree of 0 is 7
failure
edge count is 77
success
success
failure
success
success
success
success
degree of 12 is 4
failure
success
success
failure
success
success
degree of 4 is 7
degree of 18 is 4
success
degree of 11 is 5
failure
failure
degree of 23 is 6
success
success
success
success
edge count is 86
success
success
edge count is 87
failure
success
success
failure
failure
success
success
success
edge count is 89
success
edge count is 90
success
success
success
success
success
success
success
success
success
success
success
success
success
success
success
success
success
success
success
success
success
success
success
success
success
success
success
success
success
success
success
success
success
success
success
success
success
success
success
success
success
success
success
success
success
success
success
success
success
success
success
success
success
success
success
success
success
success
success
success
success
success
success
success
success
success
success
success
success
success
success
success
success
success
success
success
success
success
success
success
success
success
success
success
success
success
success
success
success
success
success
success
success
success
success
success
success
success
success
success
success
success
success
success
success
success
success
success
success
success
success
success
success
success
success
success
success
success
success
success
success
success
success
success
success
success
success
success
success
success
success
success
success
success
success
success
success
success
success
success
success
success
success
success
success
success
success
success
success
success
success
success
success
success
success
success
success
success
success
success
success
success
success
success
success
success
success
success
success
success
success
success
success
success
success
success
success
success
success
success
success
success
success
success
success
success
success
success
success
success
success
success
success
success
success
success
success
success
success
success
success
success
success
success
success
success
success
success
success
success
success
success
success
success
success
success
success
success
success
success
success
success
success
success
success
success
success
success
success
success
success
success
success
success
success
success
success
success
success
success
success
success
success
success
success
success
success
success
success
success
success
success
success
success
success
success
success
success
success
success
success
success
success
success
success
success
success
success
success
success
success
success
success
success
success
success
success
success
success
success
success
success
success
success
success
success
success
success
success
success
success
success
success
success
success
success
success
success
success
success
success
success
mst 75.456
success
failure
success
success
success
mst 69.8701
mst 69.8701
success
success
mst 69.8701
success
success
success
mst 69.8701
success
success
success
edge count is 300
mst 69.8701
mst 69.8701
degree of 7 is 24
success
mst 69.8701
degree of 23 is 24
success
mst 69.8701
success
success
success
failure
mst 69.8701
failure
success
mst 70.3899
success
degree of 6 is 24
success
degree of 0 is 24
failure
success
mst 71.6966
mst 71.6966
mst 71.6966
success
mst 71.6966
success
success
mst 71.6966
mst 71.6966
success
edge count is 295
success
failure
failure
success
mst 71.6966
mst 71.6966
mst 71.6966
mst 71.6966
success
success
edge count is 296
success
success
failure
failure
success
edge count is 295
mst 66.7023
success
edge count is 294
success
mst 68.9825
mst 68.9825
degree of 24 is 23
failure
success
success
degree of 19 is 23
success
degree of 2 is 23
edge count is 294
degree of 5 is 23
mst 68.9825
success
degree of 21 is 23
success
edge count is 293
edge count is 293
mst 68.9825
failure
success
success
success
degree of 10 is 24
success
success
mst 68.9825
success
success
success
success
mst 68.9825
failure
success
success
edge count is 292
success
edge count is 292
success
mst 65.2001
failure
success
mst 65.2001
failure
success
mst 71.9697
success
degree of 19 is 23
failure
success
failure
mst 75.4612
success
success
mst 82.0619
mst 82.0619
mst 82.0619
degree of 22 is 22
success
success
mst 86.5654
success
success
edge count is 290
mst 78.0209
mst 78.0209
success
mst 78.0209
success
success
success
failure
success
success
failure
edge count is 290
edge count is 290
mst 75.7241
mst 75.7241
edge count is 290
edge count is 290
edge count is 290
mst 75.7241
mst 75.7241
edge count is 290
edge count is 290
mst 75.7241
success
success
failure
success
edge count is 290
success
edge count is 290
mst 75.7241
degree of 2 is 23
success
failure
success
success
success
mst 83.5837
success
mst 83.5837
mst 83.5837
degree of 14 is 22
degree of 9 is 21
success
edge count is 287
edge count is 287
success
mst 86.2609
degree of 15 is 23
edge count is 287
success
mst 86.2609
failure
success
failure
success
success
edge count is 285
success
mst 86.2609
success
edge count is 285
degree of 22 is 22
success
mst 86.2609
success
success
degree of 21 is 22
success
failure
success
success
mst 86.2609
failure
edge count is 284
success
success
degree of 15 is 23
degree of 1 is 22
success
success
success
success
success
success
success
success
degree of 3 is 23
degree of 24 is 23
mst 82.6468
success
degree of 1 is 23
mst 82.6468
success
success
success
success
success
success
success
edge count is 284
mst 83.8942
success
failure
edge count is 283
success
success
edge count is 283
failure
failure
success
success
success
mst 83.8942
success
mst 82.9076
success
success
success
degree of 19 is 23
failure
success
degree of 13 is 23
failure
mst 82.9076
success
mst 82.9076
mst 82.9076
failure
success
degree of 14 is 22
success
success
mst 82.9076
edge count is 282
failure
success
degree of 22 is 22
success
success
mst 82.9076
success
success
success
failure
success
failure
success
success
mst 82.9076
degree of 17 is 24
success
success
mst 84.8527
failure
success
mst 84.8527
mst 84.8527
success
mst 84.8527
success
success
success
success
edge count is 283
mst 87.2471
success
mst 87.2471
mst 87.2471
mst 87.2471
success
mst 87.2471
mst 87.2471
success
success
success
success
success
degree of 17 is 24
mst 87.2471
mst 87.2471
mst 87.2471
success
degree of 5 is 21
success
success
mst 87.2471
success
success
mst 82.6268
edge count is 283
failure
success
success
mst 82.6268
degree of 8 is 23
failure
success
success
failure
mst 82.6268
mst 82.6268
degree of 12 is 23
degree of 11 is 23
success
edge count is 281
success
mst 82.232
failure
success
mst 76.6921
success
degree of 3 is 21
edge count is 280
mst 76.6921
edge count is 280
mst 76.6921
success
failure
success
mst 79.709
success
success
mst 74.8291
success
edge count is 279
mst 74.8291
mst 74.8291
success
edge count is 279
failure
mst 70.0558
failure
success
success
success
mst 70.0558
edge count is 278
success
success
mst 62.2597
success
success
success
success
degree of 15 is 24
success
mst 60.8186
success
edge count is 278
mst 58.8198
success
success
degree of 17 is 23
failure
failure
mst 58.8198
success
success
success
degree of 14 is 22
success
failure
edge count is 277
success
success
mst 58.8198
success
degree of 5 is 20
success
success
mst 60.9266
degree of 18 is 23
failure
mst 60.9266
success
mst 60.9266
success
success
success
failure
success
mst 60.9266
success
success
success
success
degree of 6 is 23
success
mst 59.9499
success
edge count is 274
failure
mst 59.9499
mst 59.9499
degree of 11 is 21
mst 59.9499
success
success
degree of 1 is 21
edge count is 273
failure
mst 59.9499
failure
degree of 23 is 22
failure
success
failure
success
success
edge count is 272
edge count is 272
success
degree of 9 is 18
success
degree of 23 is 22
success
edge count is 272
failure
mst 54.1547
success
mst 54.1547
success
failure
success
success
success
failure
mst 60.5957
mst 60.5957
edge count is 272
degree of 8 is 22
success
success
success
failure
success
success
success
success
degree of 4 is 22
degree of 15 is 24
success
mst 58.3656
mst 58.3656
success
failure
edge count is 271
edge count is 271
success
mst 55.0665
edge count is 271
success
edge count is 271
success
mst 63.4112
success
mst 63.4112
mst 63.4112
mst 63.4112
success
failure
success
success
success
failure
mst 63.4112
mst 63.4112
success
success
failure
failure
success
edge count is 271
success
failure
success
mst 63.4193
success
failure
success
failure
success
success
edge count is 270
edge count is 270
failure
mst 63.4193
success
mst 63.4193
success
success
mst 63.4193
success
success
success
success
edge count is 269
degree of 0 is 23
degree of 6 is 22
success
degree of 22 is 22
success
failure
edge count is 268
failure
mst 59.473
degree of 1 is 20
success
success
success
success
success
success
failure
success
success
edge count is 267
success
edge count is 267
success
success
edge count is 267
degree of 10 is 21
failure
success
failure
success
edge count is 267
mst 61.4704
success
mst 60.7794
success
mst 60.7794
edge count is 267
success
failure
edge count is 267
mst 60.7794
mst 60.7794
mst 60.7794
edge count is 267
success
success
success
mst 60.7794
success
success
degree of 21 is 22
success
success
success
success
success
failure
success
failure
failure
degree of 23 is 21
mst 65.7024
edge count is 263
success
success
success
mst 65.7585
edge count is 263
success
success
mst 65.7585
failure
mst 65.7585
success
mst 65.7585
mst 65.7585
failure
success
failure
success
success
success
success
edge count is 263
degree of 22 is 22
failure
success
mst 70.0414
failure
success
success
failure
mst 75.316
success
mst 75.316
degree of 12 is 23
edge count is 263
failure
mst 75.316
degree of 19 is 21
degree of 12 is 23
mst 75.316
failure
mst 75.316
success
degree of 3 is 19
edge count is 263
mst 75.316
degree of 5 is 20
edge count is 263
edge count is 263
mst 75.316
mst 75.316
failure
success
failure
failure
success
success
success
edge count is 262
success
success
degree of 21 is 22
mst 79.6574
edge count is 262
failure
degree of 16 is 21
success
mst 79.6574
mst 79.6574
failure
failure
failure
degree of 8 is 21
mst 79.6574
degree of 23 is 22
success
edge count is 263
success
mst 79.6574
degree of 6 is 21
mst 79.6574
success
mst 79.6574
success
success
success
degree of 16 is 21
success
mst 79.6574
edge count is 262
success
success
mst 80.758
degree of 21 is 22
success
failure
mst 80.758
failure
failure
edge count is 261
edge count is 261
success
mst 80.758
success
mst 78.7581
mst 78.7581
edge count is 261
success
failure
success
degree of 1 is 19
success
mst 78.7581
mst 78.7581
edge count is 260
mst 78.7581
degree of 0 is 22
success
mst 71.6223
mst 71.6223
failure
success
degree of 18 is 22
degree of 5 is 20
mst 71.6223
mst 71.6223
success
mst 71.6223
degree of 6 is 21
success
mst 71.6223
failure
success
edge count is 260
failure
degree of 19 is 20
mst 71.6223
mst 71.6223
success
mst 71.6223
degree of 11 is 21
failure
mst 71.6223
success
degree of 3 is 16
failure
success
failure
mst 76.4214
edge count is 262
edge count is 262
success
success
success
edge count is 263
