success
97petersuccess
69henrysuccess
71sumsuccess
45lilysuccess
73lucysuccess
49marksuccess
75tonysuccess
53kobesuccess
77jamessuccess
57jordansuccess
79yaosuccess
found peter in 97
69
found henry in 69
71
found sum in 71
71
45
found lily in 45
73
found lucy in 73
73
49
found mark in 49
75
found tony in 75
75
53
found kobe in 53
77
found james in 77
77
57
found jordan in 57
79
found yao in 79
success
79
61
43
25
7
92
74
56
38
20
2
87
69
51
33
15
100
82
64
46
28
10
95
77
59
41
23
5
90
72
54
36
18
0
85
67
49
31
13
98
80
62
44
26
8
93
75
57
39
21
3
88
70
52
34
16
101
83
65
47
29
11
96
78
60
42
24
6
91
73
55
37
19
1
86
68
50
32
14
99
81
63
45
27
9
94
76
58
40
22
4
89
71
53
35
17
102
84
66
48
30
12
not found
